===================================================
10:38:01 : START
===================================================
10:38:01 : PROCESSING INSTRUMENTS SYMBOLS
-----------------------------------------------
10:38:02 : SCANNING : 3MINDIA
circuit : 0.06%  2021-12-21T10:35:00+0530
adx : 31.24  aroonosc : 78.57
-----------------------------------------------
10:38:02 : SCANNING : AARTIDRUGS
circuit : 0.42%  2021-12-21T10:35:00+0530
adx : 12.92  aroonosc : 71.43
-----------------------------------------------
10:38:03 : SCANNING : AARTIIND
circuit : 1.15%  2021-12-21T10:35:00+0530
adx : 35.5  aroonosc : 71.43
-----------------------------------------------
10:38:03 : SCANNING : AAVAS
circuit : -0.24%  2021-12-21T10:35:00+0530
adx : 50.41  aroonosc : 92.86
-----------------------------------------------
10:38:03 : SCANNING : ABB
circuit : 1.7%  2021-12-21T10:35:00+0530
adx : 18.29  aroonosc : 85.71
-----------------------------------------------
10:38:03 : SCANNING : ABBOTINDIA
circuit : -0.17%  2021-12-21T10:35:00+0530
adx : 30.36  aroonosc : -21.43
-----------------------------------------------
10:38:04 : SCANNING : ABCAPITAL
circuit : 2.95%  2021-12-21T10:35:00+0530
adx : 32.9  aroonosc : 78.57
-----------------------------------------------
10:38:04 : SCANNING : ABFRL
circuit : 2.14%  2021-12-21T10:35:00+0530
adx : 42.16  aroonosc : 35.71
-----------------------------------------------
10:38:04 : SCANNING : ACC
circuit : 1.12%  2021-12-21T10:35:00+0530
adx : 44.45  aroonosc : 71.43
-----------------------------------------------
10:38:05 : SCANNING : ADANIENT
circuit : 0.8%  2021-12-21T10:35:00+0530
adx : 39.21  aroonosc : 64.29
-----------------------------------------------
10:38:05 : SCANNING : ADANIGREEN
circuit : 0.31%  2021-12-21T10:35:00+0530
adx : 25.05  aroonosc : -14.29
-----------------------------------------------
10:38:05 : SCANNING : ADANIPORTS
circuit : -0.7%  2021-12-21T10:35:00+0530
adx : 23.45  aroonosc : -14.29
-----------------------------------------------
10:38:06 : SCANNING : ADVENZYMES
circuit : 1.24%  2021-12-21T10:35:00+0530
adx : 22.51  aroonosc : 71.43
-----------------------------------------------
10:38:06 : SCANNING : AEGISCHEM
circuit : -2.02%  2021-12-21T10:35:00+0530
adx : 43.28  aroonosc : -21.43
-----------------------------------------------
10:38:06 : SCANNING : AFFLE
circuit : 1.23%  2021-12-21T10:35:00+0530
adx : 16.48  aroonosc : -21.43
-----------------------------------------------
10:38:07 : SCANNING : AIAENG
circuit : -0.68%  2021-12-21T10:35:00+0530
adx : 12.87  aroonosc : -28.57
-----------------------------------------------
10:38:07 : SCANNING : AJANTPHARM
circuit : -0.6%  2021-12-21T10:35:00+0530
adx : 18.31  aroonosc : -14.29
-----------------------------------------------
10:38:07 : SCANNING : AKZOINDIA
circuit : -1.19%  2021-12-21T10:35:00+0530
adx : 31.98  aroonosc : -78.57
-----------------------------------------------
10:38:08 : SCANNING : ALEMBICLTD
circuit : -0.97%  2021-12-21T10:35:00+0530
adx : 15.04  aroonosc : -14.29
-----------------------------------------------
10:38:08 : SCANNING : ALKEM
circuit : 0.73%  2021-12-21T10:35:00+0530
adx : 11.95  aroonosc : 7.14
-----------------------------------------------
10:38:08 : SCANNING : ALKYLAMINE
circuit : -1.72%  2021-12-21T10:35:00+0530
adx : 44.13  aroonosc : -50.0
-----------------------------------------------
10:38:09 : SCANNING : ALOKINDS
circuit : 1.32%  2021-12-21T10:35:00+0530
adx : 42.47  aroonosc : -28.57
-----------------------------------------------
10:38:09 : SCANNING : AMARAJABAT
circuit : 0.48%  2021-12-21T10:35:00+0530
adx : 34.89  aroonosc : -14.29
-----------------------------------------------
10:38:09 : SCANNING : AMBER
circuit : 2.93%  2021-12-21T10:35:00+0530
adx : 42.01  aroonosc : 78.57
-----------------------------------------------
10:38:10 : SCANNING : AMBUJACEM
circuit : 2.17%  2021-12-21T10:35:00+0530
adx : 43.95  aroonosc : 78.57
-----------------------------------------------
10:38:10 : SCANNING : ANGELBRKG
circuit : 2.73%  2021-12-21T10:35:00+0530
adx : 42.6  aroonosc : 78.57
-----------------------------------------------
10:38:10 : SCANNING : APLAPOLLO
circuit : 2.8%  2021-12-21T10:35:00+0530
adx : 15.53  aroonosc : -14.29
-----------------------------------------------
10:38:11 : SCANNING : APLLTD
circuit : -0.92%  2021-12-21T10:35:00+0530
adx : 49.57  aroonosc : -14.29
-----------------------------------------------
10:38:11 : SCANNING : APOLLOHOSP
circuit : -0.38%  2021-12-21T10:35:00+0530
adx : 30.49  aroonosc : -14.29
-----------------------------------------------
10:38:11 : SCANNING : APOLLOTYRE
circuit : 0.42%  2021-12-21T10:35:00+0530
adx : 21.89  aroonosc : -14.29
-----------------------------------------------
10:38:12 : SCANNING : ASAHIINDIA
circuit : -1.1%  2021-12-21T10:35:00+0530
adx : 32.65  aroonosc : -21.43
-----------------------------------------------
10:38:12 : SCANNING : ASHOKA
circuit : 0.39%  2021-12-21T10:35:00+0530
adx : 23.22  aroonosc : -71.43
-----------------------------------------------
10:38:12 : SCANNING : ASHOKLEY
circuit : 2.33%  2021-12-21T10:35:00+0530
adx : 42.73  aroonosc : 85.71
-----------------------------------------------
10:38:13 : SCANNING : ASIANPAINT
circuit : 0.75%  2021-12-21T10:35:00+0530
adx : 37.62  aroonosc : 85.71
-----------------------------------------------
10:38:13 : SCANNING : ASTERDM
circuit : -0.96%  2021-12-21T10:35:00+0530
adx : 39.35  aroonosc : -21.43
-----------------------------------------------
10:38:13 : SCANNING : ASTRAL
circuit : -1.89%  2021-12-21T10:35:00+0530
adx : 18.44  aroonosc : 0.0
-----------------------------------------------
10:38:14 : SCANNING : ASTRAZEN
circuit : -0.29%  2021-12-21T10:35:00+0530
adx : 36.02  aroonosc : 50.0
-----------------------------------------------
10:38:14 : SCANNING : ATUL
circuit : 0.12%  2021-12-21T10:35:00+0530
adx : 18.95  aroonosc : 64.29
-----------------------------------------------
10:38:15 : SCANNING : AUBANK
circuit : 4.06%  2021-12-21T10:35:00+0530
adx : 48.02  aroonosc : 92.86
-----------------------------------------------
10:38:15 : SCANNING : AUROPHARMA
circuit : -0.43%  2021-12-21T10:35:00+0530
adx : 21.67  aroonosc : 71.43
-----------------------------------------------
10:38:16 : SCANNING : AVANTIFEED
circuit : -0.41%  2021-12-21T10:35:00+0530
adx : 42.6  aroonosc : -21.43
-----------------------------------------------
10:38:16 : SCANNING : AXISBANK
circuit : -0.94%  2021-12-21T10:35:00+0530
adx : 21.08  aroonosc : -14.29
-----------------------------------------------
10:38:16 : SCANNING : BAJAJ-AUTO
circuit : 0.87%  2021-12-21T10:35:00+0530
adx : 48.45  aroonosc : 85.71
-----------------------------------------------
10:38:17 : SCANNING : BAJAJCON
circuit : 0.15%  2021-12-21T10:35:00+0530
adx : 23.34  aroonosc : 28.57
-----------------------------------------------
10:38:17 : SCANNING : BAJAJELEC
circuit : -1.96%  2021-12-21T10:35:00+0530
adx : 21.45  aroonosc : -100.0
-----------------------------------------------
10:38:18 : SCANNING : BAJAJFINSV
circuit : -1.11%  2021-12-21T10:35:00+0530
adx : 40.08  aroonosc : -14.29
-----------------------------------------------
10:38:18 : SCANNING : BAJAJHLDNG
circuit : 0.17%  2021-12-21T10:35:00+0530
adx : 16.5  aroonosc : 50.0
-----------------------------------------------
10:38:18 : SCANNING : BAJFINANCE
circuit : -0.23%  2021-12-21T10:35:00+0530
adx : 31.43  aroonosc : -7.14
-----------------------------------------------
10:38:19 : SCANNING : BALAMINES
circuit : 0.38%  2021-12-21T10:35:00+0530
adx : 13.43  aroonosc : -35.71
-----------------------------------------------
10:38:20 : SCANNING : BALKRISIND
circuit : -0.95%  2021-12-21T10:35:00+0530
adx : 15.0  aroonosc : -71.43
-----------------------------------------------
10:38:20 : SCANNING : BALMLAWRIE
circuit : 1.15%  2021-12-21T10:35:00+0530
adx : 27.94  aroonosc : 92.86
-----------------------------------------------
10:38:21 : SCANNING : BALRAMCHIN
circuit : 1.9%  2021-12-21T10:35:00+0530
adx : 45.11  aroonosc : 42.86
-----------------------------------------------
10:38:21 : SCANNING : BANDHANBNK
circuit : 0.3%  2021-12-21T10:35:00+0530
adx : 24.23  aroonosc : -14.29
-----------------------------------------------
10:38:21 : SCANNING : BANKBARODA
circuit : 0.93%  2021-12-21T10:35:00+0530
adx : 16.53  aroonosc : -71.43
-----------------------------------------------
10:38:21 : SCANNING : BANKINDIA
circuit : 1.29%  2021-12-21T10:35:00+0530
adx : 44.89  aroonosc : -14.29
-----------------------------------------------
10:38:22 : SCANNING : BASF
circuit : 0.72%  2021-12-21T10:35:00+0530
adx : 48.73  aroonosc : 21.43
-----------------------------------------------
10:38:22 : SCANNING : BATAINDIA
circuit : 0.77%  2021-12-21T10:35:00+0530
adx : 27.41  aroonosc : -21.43
-----------------------------------------------
10:38:22 : SCANNING : BAYERCROP
circuit : -1.55%  2021-12-21T10:35:00+0530
adx : 24.22  aroonosc : -57.14
-----------------------------------------------
10:38:23 : SCANNING : BBTC
circuit : 0.2%  2021-12-21T10:35:00+0530
adx : 22.9  aroonosc : -28.57
-----------------------------------------------
10:38:23 : SCANNING : BDL
circuit : 1.82%  2021-12-21T10:35:00+0530
adx : 33.08  aroonosc : 28.57
-----------------------------------------------
10:38:24 : SCANNING : BEL
circuit : 1.41%  2021-12-21T10:35:00+0530
adx : 34.74  aroonosc : -57.14
-----------------------------------------------
10:38:24 : SCANNING : BEML
circuit : 2.33%  2021-12-21T10:35:00+0530
adx : 48.07  aroonosc : -64.29
-----------------------------------------------
10:38:24 : SCANNING : BERGEPAINT
circuit : 0.58%  2021-12-21T10:35:00+0530
adx : 37.27  aroonosc : -14.29
-----------------------------------------------
10:38:25 : SCANNING : BHARATFORG
circuit : 1.11%  2021-12-21T10:35:00+0530
adx : 25.31  aroonosc : 71.43
-----------------------------------------------
10:38:25 : SCANNING : BHARATRAS
circuit : 2.12%  2021-12-21T10:35:00+0530
adx : 42.64  aroonosc : 7.14
-----------------------------------------------
10:38:25 : SCANNING : BHARTIARTL
circuit : 0.05%  2021-12-21T10:35:00+0530
adx : 34.84  aroonosc : -14.29
-----------------------------------------------
10:38:26 : SCANNING : BHEL
circuit : 0.95%  2021-12-21T10:35:00+0530
adx : 20.04  aroonosc : -21.43
-----------------------------------------------
10:38:26 : SCANNING : BIOCON
circuit : 0.68%  2021-12-21T10:35:00+0530
adx : 12.43  aroonosc : 78.57
-----------------------------------------------
10:38:27 : SCANNING : BIRLACORPN
circuit : 1.48%  2021-12-21T10:35:00+0530
adx : 13.86  aroonosc : 42.86
-----------------------------------------------
10:38:27 : SCANNING : BLISSGVS
circuit : 0.95%  2021-12-21T10:35:00+0530
adx : 22.41  aroonosc : -14.29
-----------------------------------------------
10:38:27 : SCANNING : BLUEDART
circuit : 2.08%  2021-12-21T10:35:00+0530
adx : 43.89  aroonosc : 50.0
-----------------------------------------------
10:38:28 : SCANNING : BLUESTARCO
circuit : -0.93%  2021-12-21T10:35:00+0530
adx : 27.72  aroonosc : -28.57
-----------------------------------------------
10:38:28 : SCANNING : BOSCHLTD
circuit : 3.49%  2021-12-21T10:35:00+0530
adx : 54.58  aroonosc : 42.86
-----------------------------------------------
10:38:28 : SCANNING : BPCL
circuit : -0.6%  2021-12-21T10:35:00+0530
adx : 19.7  aroonosc : -21.43
-----------------------------------------------
10:38:29 : SCANNING : BRIGADE
circuit : 3.44%  2021-12-21T10:35:00+0530
adx : 32.58  aroonosc : 57.14
-----------------------------------------------
10:38:29 : SCANNING : BRITANNIA
circuit : 1.07%  2021-12-21T10:35:00+0530
adx : 27.82  aroonosc : 85.71
-----------------------------------------------
10:38:29 : SCANNING : BSE
circuit : -1.32%  2021-12-21T10:35:00+0530
adx : 14.34  aroonosc : -78.57
-----------------------------------------------
10:38:30 : SCANNING : BSOFT
circuit : 0.92%  2021-12-21T10:35:00+0530
adx : 28.52  aroonosc : 92.86
-----------------------------------------------
10:38:30 : SCANNING : BURGERKING
circuit : 0.87%  2021-12-21T10:35:00+0530
adx : 29.24  aroonosc : -7.14
-----------------------------------------------
10:38:31 : SCANNING : CADILAHC
circuit : 1.08%  2021-12-21T10:35:00+0530
adx : 38.36  aroonosc : 64.29
-----------------------------------------------
10:38:31 : SCANNING : CAMS
circuit : 0.08%  2021-12-21T10:35:00+0530
adx : 27.56  aroonosc : -14.29
-----------------------------------------------
10:38:31 : SCANNING : CANBK
circuit : 0.1%  2021-12-21T10:35:00+0530
adx : 26.1  aroonosc : -21.43
-----------------------------------------------
10:38:32 : SCANNING : CANFINHOME
circuit : 0.7%  2021-12-21T10:35:00+0530
adx : 22.72  aroonosc : 71.43
-----------------------------------------------
10:38:32 : SCANNING : CAPLIPOINT
circuit : 0.68%  2021-12-21T10:35:00+0530
adx : 27.98  aroonosc : -7.14
-----------------------------------------------
10:38:32 : SCANNING : CARBORUNIV
circuit : 1.92%  2021-12-21T10:35:00+0530
adx : 16.28  aroonosc : 71.43
-----------------------------------------------
10:38:33 : SCANNING : CASTROLIND
circuit : -0.77%  2021-12-21T10:35:00+0530
adx : 15.68  aroonosc : -28.57
-----------------------------------------------
10:38:33 : SCANNING : CCL
circuit : 1.86%  2021-12-21T10:35:00+0530
adx : 36.7  aroonosc : -35.71
-----------------------------------------------
10:38:33 : SCANNING : CEATLTD
circuit : 0.31%  2021-12-21T10:35:00+0530
adx : 16.81  aroonosc : 78.57
-----------------------------------------------
10:38:34 : SCANNING : CENTRALBK
circuit : 1.9%  2021-12-21T10:35:00+0530
adx : 39.36  aroonosc : -7.14
-----------------------------------------------
10:38:34 : SCANNING : CENTURYPLY
circuit : 1.28%  2021-12-21T10:35:00+0530
adx : 13.8  aroonosc : -57.14
-----------------------------------------------
10:38:34 : SCANNING : CENTURYTEX
circuit : 2.9%  2021-12-21T10:35:00+0530
adx : 24.61  aroonosc : 64.29
-----------------------------------------------
10:38:35 : SCANNING : CERA
circuit : 4.14%  2021-12-21T10:35:00+0530
adx : 36.37  aroonosc : 71.43
-----------------------------------------------
10:38:35 : SCANNING : CESC
circuit : 1.58%  2021-12-21T10:35:00+0530
adx : 38.61  aroonosc : 92.86
-----------------------------------------------
10:38:35 : SCANNING : CGCL
circuit : -0.21%  2021-12-21T10:35:00+0530
adx : 25.76  aroonosc : -64.29
-----------------------------------------------
10:38:36 : SCANNING : CHALET
circuit : 0.25%  2021-12-21T10:35:00+0530
adx : 10.95  aroonosc : -14.29
-----------------------------------------------
10:38:36 : SCANNING : CHAMBLFERT
circuit : 0.28%  2021-12-21T10:35:00+0530
adx : 23.45  aroonosc : 50.0
-----------------------------------------------
10:38:36 : SCANNING : CHOLAFIN
circuit : 1.58%  2021-12-21T10:35:00+0530
adx : 35.37  aroonosc : 92.86
-----------------------------------------------
10:38:37 : SCANNING : CHOLAHLDNG
circuit : 0.84%  2021-12-21T10:35:00+0530
adx : 18.13  aroonosc : 78.57
-----------------------------------------------
10:38:37 : SCANNING : CIPLA
circuit : -0.4%  2021-12-21T10:35:00+0530
adx : 15.64  aroonosc : -14.29
-----------------------------------------------
10:38:38 : SCANNING : COALINDIA
circuit : 1.62%  2021-12-21T10:35:00+0530
adx : 41.54  aroonosc : 71.43
-----------------------------------------------
10:38:38 : SCANNING : COCHINSHIP
circuit : 1.36%  2021-12-21T10:35:00+0530
adx : 19.63  aroonosc : -14.29
-----------------------------------------------
10:38:38 : SCANNING : COFORGE
circuit : 2.12%  2021-12-21T10:35:00+0530
adx : 43.42  aroonosc : 28.57
-----------------------------------------------
10:38:39 : SCANNING : COLPAL
circuit : 1.54%  2021-12-21T10:35:00+0530
adx : 42.06  aroonosc : 42.86
-----------------------------------------------
10:38:40 : SCANNING : CONCOR
circuit : 0.33%  2021-12-21T10:35:00+0530
adx : 18.34  aroonosc : -71.43
-----------------------------------------------
10:38:40 : SCANNING : COROMANDEL
circuit : 0.32%  2021-12-21T10:35:00+0530
adx : 11.11  aroonosc : -14.29
-----------------------------------------------
10:38:40 : SCANNING : CREDITACC
circuit : -1.97%  2021-12-21T10:35:00+0530
adx : 13.41  aroonosc : -21.43
-----------------------------------------------
10:38:41 : SCANNING : CRISIL
circuit : 1.82%  2021-12-21T10:35:00+0530
adx : 31.69  aroonosc : 78.57
-----------------------------------------------
10:38:41 : SCANNING : CROMPTON
circuit : 0.59%  2021-12-21T10:35:00+0530
adx : 21.62  aroonosc : 85.71
-----------------------------------------------
10:38:41 : SCANNING : CSBBANK
circuit : 1.27%  2021-12-21T10:35:00+0530
adx : 18.77  aroonosc : 92.86
-----------------------------------------------
10:38:42 : SCANNING : CUB
circuit : 0.52%  2021-12-21T10:35:00+0530
adx : 28.95  aroonosc : -21.43
-----------------------------------------------
10:38:42 : SCANNING : CUMMINSIND
circuit : 0.97%  2021-12-21T10:35:00+0530
adx : 31.7  aroonosc : -21.43
-----------------------------------------------
10:38:43 : SCANNING : CYIENT
circuit : 0.06%  2021-12-21T10:35:00+0530
adx : 17.33  aroonosc : -14.29
-----------------------------------------------
10:38:43 : SCANNING : DABUR
circuit : 0.64%  2021-12-21T10:35:00+0530
adx : 47.02  aroonosc : 85.71
-----------------------------------------------
10:38:43 : SCANNING : DALBHARAT
circuit : 4.24%  2021-12-21T10:35:00+0530
adx : 46.18  aroonosc : 64.29
-----------------------------------------------
10:38:43 : SCANNING : DBL
circuit : -0.74%  2021-12-21T10:35:00+0530
adx : 47.33  aroonosc : 85.71
-----------------------------------------------
10:38:44 : SCANNING : DCAL
circuit : 2.0%  2021-12-21T10:35:00+0530
adx : 24.62  aroonosc : 64.29
-----------------------------------------------
10:38:44 : SCANNING : DCBBANK
circuit : 2.43%  2021-12-21T10:35:00+0530
adx : 36.27  aroonosc : -7.14
-----------------------------------------------
10:38:44 : SCANNING : DCMSHRIRAM
circuit : 0.88%  2021-12-21T10:35:00+0530
adx : 18.02  aroonosc : 35.71
-----------------------------------------------
10:38:45 : SCANNING : DEEPAKNTR
circuit : 1.97%  2021-12-21T10:35:00+0530
adx : 39.65  aroonosc : 92.86
-----------------------------------------------
10:38:45 : SCANNING : DELTACORP
circuit : 0.65%  2021-12-21T10:35:00+0530
adx : 23.84  aroonosc : -14.29
-----------------------------------------------
10:38:46 : SCANNING : DHANI
circuit : 3.99%  2021-12-21T10:35:00+0530
adx : 30.04  aroonosc : 85.71
-----------------------------------------------
10:38:46 : SCANNING : DHANUKA
circuit : -0.13%  2021-12-21T10:35:00+0530
adx : 15.27  aroonosc : -14.29
-----------------------------------------------
10:38:46 : SCANNING : DISHTV
circuit : 1.8%  2021-12-21T10:35:00+0530
adx : 42.46  aroonosc : -21.43
-----------------------------------------------
10:38:47 : SCANNING : DIVISLAB
circuit : -1.4%  2021-12-21T10:35:00+0530
adx : 21.95  aroonosc : -71.43
-----------------------------------------------
10:38:47 : SCANNING : DIXON
circuit : 2.04%  2021-12-21T10:35:00+0530
adx : 42.59  aroonosc : 71.43
-----------------------------------------------
10:38:47 : SCANNING : DLF
circuit : 1.09%  2021-12-21T10:35:00+0530
adx : 43.29  aroonosc : 64.29
-----------------------------------------------
10:38:48 : SCANNING : DMART
circuit : 0.44%  2021-12-21T10:35:00+0530
adx : 16.46  aroonosc : 35.71
-----------------------------------------------
10:38:48 : SCANNING : DRREDDY
circuit : 0.73%  2021-12-21T10:35:00+0530
adx : 27.39  aroonosc : 71.43
-----------------------------------------------
10:38:49 : SCANNING : ECLERX
circuit : 1.3%  2021-12-21T10:35:00+0530
adx : 17.99  aroonosc : -21.43
-----------------------------------------------
10:38:49 : SCANNING : EDELWEISS
circuit : 0.8%  2021-12-21T10:35:00+0530
adx : 16.07  aroonosc : -71.43
-----------------------------------------------
10:38:49 : SCANNING : EICHERMOT
circuit : -0.05%  2021-12-21T10:35:00+0530
adx : 34.57  aroonosc : 71.43
-----------------------------------------------
10:38:50 : SCANNING : EIDPARRY
circuit : 1.5%  2021-12-21T10:35:00+0530
adx : 25.84  aroonosc : 64.29
-----------------------------------------------
10:38:50 : SCANNING : EIHOTEL
circuit : 1.74%  2021-12-21T10:35:00+0530
adx : 13.26  aroonosc : -21.43
-----------------------------------------------
10:38:50 : SCANNING : ELGIEQUIP
circuit : 2.08%  2021-12-21T10:35:00+0530
adx : 36.32  aroonosc : 14.29
-----------------------------------------------
10:38:51 : SCANNING : EMAMILTD
circuit : -0.63%  2021-12-21T10:35:00+0530
adx : 37.56  aroonosc : -21.43
-----------------------------------------------
10:38:51 : SCANNING : ENDURANCE
circuit : 0.18%  2021-12-21T10:35:00+0530
adx : 22.32  aroonosc : -57.14
-----------------------------------------------
10:38:51 : SCANNING : ENGINERSIN
circuit : 0.07%  2021-12-21T10:35:00+0530
adx : 17.7  aroonosc : -14.29
-----------------------------------------------
10:38:52 : SCANNING : EPL
circuit : 1.51%  2021-12-21T10:35:00+0530
adx : 30.41  aroonosc : 85.71
-----------------------------------------------
10:38:52 : SCANNING : EQUITAS
circuit : -1.31%  2021-12-21T10:35:00+0530
adx : 26.17  aroonosc : -92.86
-----------------------------------------------
10:38:52 : SCANNING : ERIS
circuit : -0.28%  2021-12-21T10:35:00+0530
adx : 21.61  aroonosc : -14.29
-----------------------------------------------
10:38:53 : SCANNING : ESCORTS
circuit : 0.41%  2021-12-21T10:35:00+0530
adx : 25.41  aroonosc : 35.71
-----------------------------------------------
10:38:54 : SCANNING : EXIDEIND
circuit : 0.54%  2021-12-21T10:35:00+0530
adx : 44.55  aroonosc : 28.57
-----------------------------------------------
10:38:54 : SCANNING : FCONSUMER
circuit : -7.1%  2021-12-21T10:35:00+0530
adx : 33.13  aroonosc : 78.57
-----------------------------------------------
10:38:54 : SCANNING : FDC
circuit : 0.27%  2021-12-21T10:35:00+0530
adx : 15.98  aroonosc : -7.14
-----------------------------------------------
10:38:55 : SCANNING : FEDERALBNK
circuit : -0.61%  2021-12-21T10:35:00+0530
adx : 24.03  aroonosc : -21.43
-----------------------------------------------
10:38:55 : SCANNING : FINCABLES
circuit : 1.09%  2021-12-21T10:35:00+0530
adx : 10.6  aroonosc : -64.29
-----------------------------------------------
10:38:55 : SCANNING : FINEORG
circuit : 1.45%  2021-12-21T10:35:00+0530
adx : 18.95  aroonosc : 78.57
-----------------------------------------------
10:38:56 : SCANNING : FINPIPE
circuit : 3.69%  2021-12-21T10:35:00+0530
adx : 32.92  aroonosc : 85.71
-----------------------------------------------
10:38:56 : SCANNING : FLUOROCHEM
circuit : 4.22%  2021-12-21T10:35:00+0530
adx : 34.03  aroonosc : 28.57
-----------------------------------------------
10:38:57 : SCANNING : FORTIS
circuit : 3.89%  2021-12-21T10:35:00+0530
adx : 43.91  aroonosc : 92.86
-----------------------------------------------
10:38:57 : SCANNING : FRETAIL
circuit : -9.27%  2021-12-21T10:35:00+0530
adx : 40.87  aroonosc : 57.14
-----------------------------------------------
10:38:57 : SCANNING : FSL
circuit : 0.84%  2021-12-21T10:35:00+0530
adx : 14.43  aroonosc : -92.86
-----------------------------------------------
10:38:58 : SCANNING : GAEL
circuit : 1.44%  2021-12-21T10:35:00+0530
adx : 15.91  aroonosc : 78.57
-----------------------------------------------
10:38:58 : SCANNING : GAIL
circuit : 1.06%  2021-12-21T10:35:00+0530
adx : 38.38  aroonosc : 71.43
-----------------------------------------------
10:38:59 : SCANNING : GALAXYSURF
circuit : -0.65%  2021-12-21T10:35:00+0530
adx : 33.57  aroonosc : -71.43
-----------------------------------------------
10:38:59 : SCANNING : GARFIBRES
circuit : -0.18%  2021-12-21T10:35:00+0530
adx : 34.97  aroonosc : -14.29
-----------------------------------------------
10:38:59 : SCANNING : GEPIL
circuit : 2.09%  2021-12-21T10:35:00+0530
adx : 14.15  aroonosc : -28.57
-----------------------------------------------
10:38:59 : SCANNING : GESHIP
circuit : 1.6%  2021-12-21T10:35:00+0530
adx : 29.65  aroonosc : 21.43
-----------------------------------------------
10:39:00 : SCANNING : GICRE
circuit : 1.31%  2021-12-21T10:35:00+0530
adx : 16.36  aroonosc : -21.43
-----------------------------------------------
10:39:00 : SCANNING : GILLETTE
circuit : 1.22%  2021-12-21T10:35:00+0530
adx : 22.01  aroonosc : 35.71
-----------------------------------------------
10:39:00 : SCANNING : GLAND
circuit : 1.45%  2021-12-21T10:35:00+0530
adx : 20.13  aroonosc : 92.86
-----------------------------------------------
10:39:01 : SCANNING : GLAXO
circuit : 1.54%  2021-12-21T10:35:00+0530
adx : 41.14  aroonosc : 64.29
-----------------------------------------------
10:39:01 : SCANNING : GLENMARK
circuit : -0.26%  2021-12-21T10:35:00+0530
adx : 20.0  aroonosc : -14.29
-----------------------------------------------
10:39:02 : SCANNING : GMMPFAUDLR
circuit : 2.53%  2021-12-21T10:35:00+0530
adx : 49.27  aroonosc : 92.86
-----------------------------------------------
10:39:02 : SCANNING : GMRINFRA
circuit : 1.25%  2021-12-21T10:35:00+0530
adx : 31.74  aroonosc : 57.14
-----------------------------------------------
10:39:02 : SCANNING : GNFC
circuit : 1.57%  2021-12-21T10:35:00+0530
adx : 29.09  aroonosc : 64.29
-----------------------------------------------
10:39:03 : SCANNING : GODFRYPHLP
circuit : -0.04%  2021-12-21T10:35:00+0530
adx : 14.53  aroonosc : -100.0
-----------------------------------------------
10:39:03 : SCANNING : GODREJAGRO
circuit : -0.76%  2021-12-21T10:35:00+0530
adx : 27.65  aroonosc : -14.29
-----------------------------------------------
10:39:04 : SCANNING : GODREJCP
circuit : 4.44%  2021-12-21T10:35:00+0530
adx : 43.35  aroonosc : 92.86
-----------------------------------------------
10:39:04 : SCANNING : GODREJIND
circuit : 2.43%  2021-12-21T10:35:00+0530
adx : 43.64  aroonosc : 50.0
-----------------------------------------------
10:39:04 : SCANNING : GODREJPROP
circuit : 1.32%  2021-12-21T10:35:00+0530
adx : 20.86  aroonosc : 50.0
-----------------------------------------------
10:39:05 : SCANNING : GPPL
circuit : 0.31%  2021-12-21T10:35:00+0530
adx : 36.06  aroonosc : -7.14
-----------------------------------------------
10:39:05 : SCANNING : GRANULES
circuit : -0.55%  2021-12-21T10:35:00+0530
adx : 10.25  aroonosc : -35.71
-----------------------------------------------
10:39:05 : SCANNING : GRAPHITE
circuit : 0.28%  2021-12-21T10:35:00+0530
adx : 27.14  aroonosc : -92.86
-----------------------------------------------
10:39:06 : SCANNING : GRASIM
circuit : 2.16%  2021-12-21T10:35:00+0530
adx : 53.53  aroonosc : 64.29
-----------------------------------------------
10:39:06 : SCANNING : GREAVESCOT
circuit : 1.56%  2021-12-21T10:35:00+0530
adx : 36.11  aroonosc : 78.57
-----------------------------------------------
10:39:06 : SCANNING : GRINDWELL
circuit : -0.1%  2021-12-21T10:35:00+0530
adx : 30.11  aroonosc : -42.86
-----------------------------------------------
10:39:07 : SCANNING : GRSE
circuit : 2.9%  2021-12-21T10:35:00+0530
adx : 19.93  aroonosc : 64.29
-----------------------------------------------
10:39:07 : SCANNING : GSFC
circuit : 0.95%  2021-12-21T10:35:00+0530
adx : 18.48  aroonosc : 35.71
-----------------------------------------------
10:39:08 : SCANNING : GSPL
circuit : 1.03%  2021-12-21T10:35:00+0530
adx : 28.39  aroonosc : -21.43
-----------------------------------------------
10:39:08 : SCANNING : GUJALKALI
circuit : 0.15%  2021-12-21T10:35:00+0530
adx : 40.67  aroonosc : -21.43
-----------------------------------------------
10:39:08 : SCANNING : GUJGASLTD
circuit : 1.51%  2021-12-21T10:35:00+0530
adx : 51.48  aroonosc : 71.43
-----------------------------------------------
10:39:09 : SCANNING : GULFOILLUB
circuit : -0.11%  2021-12-21T10:35:00+0530
adx : 23.19  aroonosc : -21.43
-----------------------------------------------
10:39:09 : SCANNING : HAL
circuit : 0.4%  2021-12-21T10:35:00+0530
adx : 32.58  aroonosc : -7.14
-----------------------------------------------
10:39:10 : SCANNING : HATSUN
circuit : -2.45%  2021-12-21T10:35:00+0530
adx : 19.7  aroonosc : 28.57
-----------------------------------------------
10:39:10 : SCANNING : HAVELLS
circuit : 3.23%  2021-12-21T10:35:00+0530
adx : 40.61  aroonosc : -35.71
-----------------------------------------------
10:39:11 : SCANNING : HCLTECH
circuit : 3.47%  2021-12-21T10:35:00+0530
adx : 59.02  aroonosc : 64.29
-----------------------------------------------
10:39:11 : SCANNING : HDFC
circuit : -0.53%  2021-12-21T10:35:00+0530
adx : 47.69  aroonosc : 92.86
-----------------------------------------------
10:39:12 : SCANNING : HDFCAMC
circuit : 0.48%  2021-12-21T10:35:00+0530
adx : 26.56  aroonosc : 92.86
-----------------------------------------------
10:39:12 : SCANNING : HDFCBANK
circuit : 0.45%  2021-12-21T10:35:00+0530
adx : 15.02  aroonosc : 92.86
-----------------------------------------------
10:39:12 : SCANNING : HDFCLIFE
circuit : -0.14%  2021-12-21T10:35:00+0530
adx : 28.84  aroonosc : 78.57
-----------------------------------------------
10:39:13 : SCANNING : HEG
circuit : -0.15%  2021-12-21T10:35:00+0530
adx : 16.1  aroonosc : -50.0
-----------------------------------------------
10:39:13 : SCANNING : HEIDELBERG
circuit : 0.49%  2021-12-21T10:35:00+0530
adx : 19.96  aroonosc : 64.29
-----------------------------------------------
10:39:14 : SCANNING : HEMIPROP
circuit : 1.68%  2021-12-21T10:35:00+0530
adx : 28.04  aroonosc : -14.29
-----------------------------------------------
10:39:15 : SCANNING : HEROMOTOCO
circuit : -1.27%  2021-12-21T10:35:00+0530
adx : 38.13  aroonosc : 42.86
-----------------------------------------------
10:39:15 : SCANNING : HINDALCO
circuit : 1.7%  2021-12-21T10:35:00+0530
adx : 55.82  aroonosc : 64.29
-----------------------------------------------
10:39:15 : SCANNING : HINDCOPPER
circuit : 1.23%  2021-12-21T10:35:00+0530
adx : 37.28  aroonosc : 71.43
-----------------------------------------------
10:39:15 : SCANNING : HINDPETRO
circuit : 0.92%  2021-12-21T10:35:00+0530
adx : 19.68  aroonosc : -14.29
-----------------------------------------------
10:39:16 : SCANNING : HINDUNILVR
circuit : -0.15%  2021-12-21T10:35:00+0530
adx : 32.38  aroonosc : 14.29
-----------------------------------------------
10:39:16 : SCANNING : HINDZINC
circuit : 1.88%  2021-12-21T10:35:00+0530
adx : 27.52  aroonosc : -14.29
-----------------------------------------------
10:39:16 : SCANNING : HONAUT
circuit : -0.3%  2021-12-21T10:35:00+0530
adx : 20.47  aroonosc : -85.71
-----------------------------------------------
10:39:17 : SCANNING : HSCL
circuit : 1.65%  2021-12-21T10:35:00+0530
adx : 46.78  aroonosc : 21.43
-----------------------------------------------
10:39:17 : SCANNING : HUDCO
circuit : 0.77%  2021-12-21T10:35:00+0530
adx : 24.74  aroonosc : 42.86
-----------------------------------------------
10:39:17 : SCANNING : HUHTAMAKI
circuit : 1.36%  2021-12-21T10:35:00+0530
adx : 12.5  aroonosc : -14.29
-----------------------------------------------
10:39:18 : SCANNING : IBREALEST
circuit : 3.7%  2021-12-21T10:35:00+0530
adx : 44.19  aroonosc : 64.29
-----------------------------------------------
10:39:18 : SCANNING : IBULHSGFIN
circuit : 0.9%  2021-12-21T10:35:00+0530
adx : 29.27  aroonosc : -21.43
-----------------------------------------------
10:39:18 : SCANNING : ICICIBANK
circuit : 0.7%  2021-12-21T10:35:00+0530
adx : 46.12  aroonosc : -14.29
-----------------------------------------------
10:39:19 : SCANNING : ICICIGI
circuit : 1.44%  2021-12-21T10:35:00+0530
adx : 38.36  aroonosc : 85.71
-----------------------------------------------
10:39:19 : SCANNING : ICICIPRULI
circuit : 1.92%  2021-12-21T10:35:00+0530
adx : 37.18  aroonosc : 64.29
-----------------------------------------------
10:39:20 : SCANNING : ICIL
circuit : -1.32%  2021-12-21T10:35:00+0530
adx : 22.2  aroonosc : -21.43
-----------------------------------------------
10:39:20 : SCANNING : IDBI
circuit : 2.85%  2021-12-21T10:35:00+0530
adx : 47.26  aroonosc : 35.71
-----------------------------------------------
10:39:20 : SCANNING : IDEA
circuit : 5.78%  2021-12-21T10:35:00+0530
adx : 43.6  aroonosc : 71.43
-----------------------------------------------
10:39:21 : SCANNING : IDFC
circuit : 1.89%  2021-12-21T10:35:00+0530
adx : 41.81  aroonosc : 85.71
-----------------------------------------------
10:39:21 : SCANNING : IDFCFIRSTB
circuit : 0.33%  2021-12-21T10:35:00+0530
adx : 11.5  aroonosc : -71.43
-----------------------------------------------
10:39:21 : SCANNING : IEX
circuit : 1.73%  2021-12-21T10:35:00+0530
adx : 37.25  aroonosc : 71.43
-----------------------------------------------
10:39:22 : SCANNING : IFBIND
circuit : 0.29%  2021-12-21T10:35:00+0530
adx : 33.85  aroonosc : 35.71
-----------------------------------------------
10:39:22 : SCANNING : IGL
circuit : 0.9%  2021-12-21T10:35:00+0530
adx : 36.57  aroonosc : 85.71
-----------------------------------------------
10:39:23 : SCANNING : IIFL
circuit : 0.73%  2021-12-21T10:35:00+0530
adx : 26.31  aroonosc : 35.71
-----------------------------------------------
10:39:23 : SCANNING : IIFLWAM
circuit : -1.22%  2021-12-21T10:35:00+0530
adx : 21.24  aroonosc : -92.86
-----------------------------------------------
10:39:23 : SCANNING : INDHOTEL
-----------------------------------------------
10:39:24 : SCANNING : INDIACEM
circuit : 1.25%  2021-12-21T10:35:00+0530
adx : 37.47  aroonosc : 85.71
-----------------------------------------------
10:39:24 : SCANNING : INDIAMART
circuit : 0.16%  2021-12-21T10:35:00+0530
adx : 10.74  aroonosc : -21.43
-----------------------------------------------
10:39:24 : SCANNING : INDIANB
circuit : 0.97%  2021-12-21T10:35:00+0530
adx : 31.83  aroonosc : -14.29
-----------------------------------------------
10:39:25 : SCANNING : INDIGO
circuit : -0.44%  2021-12-21T10:35:00+0530
adx : 21.58  aroonosc : 78.57
-----------------------------------------------
10:39:25 : SCANNING : INDOCO
circuit : 1.28%  2021-12-21T10:35:00+0530
adx : 25.2  aroonosc : 92.86
-----------------------------------------------
10:39:25 : SCANNING : INDUSINDBK
circuit : 0.47%  2021-12-21T10:35:00+0530
adx : 27.22  aroonosc : -14.29
-----------------------------------------------
10:39:26 : SCANNING : INDUSTOWER
circuit : 3.58%  2021-12-21T10:35:00+0530
adx : 44.62  aroonosc : 64.29
-----------------------------------------------
10:39:26 : SCANNING : INFIBEAM
circuit : 1.66%  2021-12-21T10:35:00+0530
adx : 42.24  aroonosc : -14.29
-----------------------------------------------
10:39:26 : SCANNING : INFY
circuit : 1.34%  2021-12-21T10:35:00+0530
adx : 32.5  aroonosc : 28.57
-----------------------------------------------
10:39:27 : SCANNING : INGERRAND
circuit : 0.73%  2021-12-21T10:35:00+0530
adx : 22.91  aroonosc : -57.14
-----------------------------------------------
10:39:27 : SCANNING : INOXLEISUR
circuit : 3.72%  2021-12-21T10:35:00+0530
adx : 48.91  aroonosc : -14.29
-----------------------------------------------
10:39:28 : SCANNING : INTELLECT
circuit : 0.66%  2021-12-21T10:35:00+0530
adx : 20.19  aroonosc : -14.29
-----------------------------------------------
10:39:28 : SCANNING : IOB
circuit : 1.73%  2021-12-21T10:35:00+0530
adx : 38.71  aroonosc : -7.14
-----------------------------------------------
10:39:28 : SCANNING : IOC
circuit : -0.05%  2021-12-21T10:35:00+0530
adx : 12.89  aroonosc : -21.43
-----------------------------------------------
10:39:29 : SCANNING : IOLCP
circuit : -0.77%  2021-12-21T10:35:00+0530
adx : 49.6  aroonosc : -14.29
-----------------------------------------------
10:39:29 : SCANNING : IPCALAB
circuit : 0.29%  2021-12-21T10:35:00+0530
adx : 10.02  aroonosc : -42.86
-----------------------------------------------
10:39:29 : SCANNING : IRB
circuit : -1.29%  2021-12-21T10:35:00+0530
adx : 17.53  aroonosc : -100.0
-----------------------------------------------
10:39:30 : SCANNING : IRCON
circuit : 0.22%  2021-12-21T10:35:00+0530
adx : 27.65  aroonosc : -7.14
-----------------------------------------------
10:39:30 : SCANNING : IRCTC
circuit : 0.81%  2021-12-21T10:35:00+0530
adx : 32.1  aroonosc : -7.14
-----------------------------------------------
10:39:30 : SCANNING : ISEC
circuit : 1.16%  2021-12-21T10:35:00+0530
adx : 25.78  aroonosc : -100.0
-----------------------------------------------
10:39:31 : SCANNING : ITC
circuit : -0.07%  2021-12-21T10:35:00+0530
adx : 21.05  aroonosc : -14.29
-----------------------------------------------
10:39:31 : SCANNING : ITI
circuit : 1.11%  2021-12-21T10:35:00+0530
adx : 23.67  aroonosc : 50.0
-----------------------------------------------
10:39:31 : SCANNING : J&KBANK
circuit : 2.17%  2021-12-21T10:35:00+0530
adx : 28.9  aroonosc : 0.0
-----------------------------------------------
10:39:32 : SCANNING : JAMNAAUTO
circuit : 3.16%  2021-12-21T10:35:00+0530
adx : 27.21  aroonosc : 64.29
-----------------------------------------------
10:39:32 : SCANNING : JBCHEPHARM
circuit : -0.51%  2021-12-21T10:35:00+0530
adx : 50.15  aroonosc : -92.86
-----------------------------------------------
10:39:33 : SCANNING : JCHAC
circuit : 1.72%  2021-12-21T10:35:00+0530
adx : 35.76  aroonosc : 35.71
-----------------------------------------------
10:39:33 : SCANNING : JINDALSAW
circuit : 2.1%  2021-12-21T10:35:00+0530
adx : 25.24  aroonosc : 21.43
-----------------------------------------------
10:39:33 : SCANNING : JINDALSTEL
circuit : 1.9%  2021-12-21T10:35:00+0530
adx : 49.38  aroonosc : 50.0
-----------------------------------------------
10:39:34 : SCANNING : JKCEMENT
circuit : 2.5%  2021-12-21T10:35:00+0530
adx : 24.75  aroonosc : 92.86
-----------------------------------------------
10:39:34 : SCANNING : JKLAKSHMI
circuit : 0.46%  2021-12-21T10:35:00+0530
adx : 18.05  aroonosc : -14.29
-----------------------------------------------
10:39:34 : SCANNING : JKPAPER
circuit : 1.23%  2021-12-21T10:35:00+0530
adx : 29.52  aroonosc : 28.57
-----------------------------------------------
10:39:35 : SCANNING : JKTYRE
circuit : 2.31%  2021-12-21T10:35:00+0530
adx : 36.89  aroonosc : 85.71
-----------------------------------------------
10:39:35 : SCANNING : JMFINANCIL
circuit : -0.82%  2021-12-21T10:35:00+0530
adx : 23.98  aroonosc : 35.71
-----------------------------------------------
10:39:35 : SCANNING : JSL
circuit : 3.24%  2021-12-21T10:35:00+0530
adx : 26.28  aroonosc : 57.14
-----------------------------------------------
10:39:36 : SCANNING : JSLHISAR
circuit : 3.16%  2021-12-21T10:35:00+0530
adx : 22.91  aroonosc : 64.29
-----------------------------------------------
10:39:36 : SCANNING : JSWSTEEL
circuit : 2.28%  2021-12-21T10:35:00+0530
adx : 63.82  aroonosc : 35.71
-----------------------------------------------
10:39:36 : SCANNING : JTEKTINDIA
circuit : 1.58%  2021-12-21T10:35:00+0530
adx : 20.25  aroonosc : 92.86
-----------------------------------------------
10:39:37 : SCANNING : JUBLFOOD
circuit : -0.12%  2021-12-21T10:35:00+0530
adx : 16.46  aroonosc : -35.71
-----------------------------------------------
10:39:37 : SCANNING : JUSTDIAL
circuit : 2.8%  2021-12-21T10:35:00+0530
adx : 37.95  aroonosc : 35.71
-----------------------------------------------
10:39:37 : SCANNING : JYOTHYLAB
circuit : 0.5%  2021-12-21T10:35:00+0530
adx : 24.78  aroonosc : -21.43
-----------------------------------------------
10:39:38 : SCANNING : KAJARIACER
circuit : 1.53%  2021-12-21T10:35:00+0530
adx : 22.99  aroonosc : -21.43
-----------------------------------------------
10:39:38 : SCANNING : KALPATPOWR
circuit : 0.9%  2021-12-21T10:35:00+0530
adx : 15.57  aroonosc : -14.29
-----------------------------------------------
10:39:39 : SCANNING : KANSAINER
circuit : 0.79%  2021-12-21T10:35:00+0530
adx : 25.37  aroonosc : 78.57
-----------------------------------------------
10:39:39 : SCANNING : KARURVYSYA
-----------------------------------------------
10:39:39 : SCANNING : KEC
circuit : 0.78%  2021-12-21T10:35:00+0530
adx : 13.92  aroonosc : -21.43
-----------------------------------------------
10:39:40 : SCANNING : KEI
circuit : -0.53%  2021-12-21T10:35:00+0530
adx : 13.13  aroonosc : -14.29
-----------------------------------------------
10:39:40 : SCANNING : KNRCON
circuit : 0.43%  2021-12-21T10:35:00+0530
adx : 10.11  aroonosc : -7.14
-----------------------------------------------
10:39:40 : SCANNING : KOTAKBANK
circuit : -0.31%  2021-12-21T10:35:00+0530
adx : 22.24  aroonosc : -7.14
-----------------------------------------------
10:39:41 : SCANNING : KPITTECH
circuit : 3.3%  2021-12-21T10:35:00+0530
adx : 35.46  aroonosc : 28.57
-----------------------------------------------
10:39:41 : SCANNING : KPRMILL
circuit : 2.26%  2021-12-21T10:35:00+0530
adx : 20.98  aroonosc : 35.71
-----------------------------------------------
10:39:41 : SCANNING : KRBL
circuit : 0.33%  2021-12-21T10:35:00+0530
adx : 18.56  aroonosc : -28.57
-----------------------------------------------
10:39:42 : SCANNING : KSB
circuit : 1.39%  2021-12-21T10:35:00+0530
adx : 13.75  aroonosc : 57.14
-----------------------------------------------
10:39:42 : SCANNING : KSCL
circuit : -0.86%  2021-12-21T10:35:00+0530
adx : 23.86  aroonosc : 14.29
-----------------------------------------------
10:39:42 : SCANNING : L&TFH
circuit : 3.45%  2021-12-21T10:35:00+0530
adx : 54.54  aroonosc : 100.0
-----------------------------------------------
10:39:43 : SCANNING : LALPATHLAB
circuit : -0.3%  2021-12-21T10:35:00+0530
adx : 17.88  aroonosc : -14.29
-----------------------------------------------
10:39:43 : SCANNING : LAOPALA
circuit : 3.34%  2021-12-21T10:35:00+0530
adx : 41.07  aroonosc : 0.0
-----------------------------------------------
10:39:43 : SCANNING : LAURUSLABS
circuit : 1.47%  2021-12-21T10:35:00+0530
adx : 20.54  aroonosc : -64.29
-----------------------------------------------
10:39:44 : SCANNING : LAXMIMACH
circuit : 3.19%  2021-12-21T10:35:00+0530
adx : 26.26  aroonosc : 35.71
-----------------------------------------------
10:39:44 : SCANNING : LEMONTREE
circuit : 4.36%  2021-12-21T10:35:00+0530
adx : 35.13  aroonosc : -21.43
-----------------------------------------------
10:39:44 : SCANNING : LICHSGFIN
circuit : 0.16%  2021-12-21T10:35:00+0530
adx : 36.35  aroonosc : -21.43
-----------------------------------------------
10:39:45 : SCANNING : LINDEINDIA
circuit : 0.95%  2021-12-21T10:35:00+0530
adx : 15.27  aroonosc : 42.86
-----------------------------------------------
10:39:45 : SCANNING : LT
circuit : 0.12%  2021-12-21T10:35:00+0530
adx : 26.56  aroonosc : -14.29
-----------------------------------------------
10:39:46 : SCANNING : LTI
circuit : 2.52%  2021-12-21T10:35:00+0530
adx : 29.99  aroonosc : 78.57
-----------------------------------------------
10:39:46 : SCANNING : LTTS
circuit : 1.24%  2021-12-21T10:35:00+0530
adx : 23.53  aroonosc : 64.29
-----------------------------------------------
10:39:46 : SCANNING : LUPIN
circuit : 0.06%  2021-12-21T10:35:00+0530
adx : 33.0  aroonosc : -21.43
-----------------------------------------------
10:39:47 : SCANNING : LUXIND
circuit : 0.02%  2021-12-21T10:35:00+0530
adx : 31.04  aroonosc : -21.43
-----------------------------------------------
10:39:47 : SCANNING : M&M
circuit : -0.46%  2021-12-21T10:35:00+0530
adx : 28.36  aroonosc : -50.0
-----------------------------------------------
10:39:47 : SCANNING : M&MFIN
circuit : 0.72%  2021-12-21T10:35:00+0530
adx : 20.84  aroonosc : -21.43
-----------------------------------------------
10:39:48 : SCANNING : MAHABANK
circuit : 0.79%  2021-12-21T10:35:00+0530
adx : 15.89  aroonosc : -21.43
-----------------------------------------------
10:39:48 : SCANNING : MAHINDCIE
circuit : 1.39%  2021-12-21T10:35:00+0530
adx : 21.46  aroonosc : -7.14
-----------------------------------------------
10:39:48 : SCANNING : MAHLOG
circuit : -1.53%  2021-12-21T10:35:00+0530
adx : 12.73  aroonosc : -100.0
-----------------------------------------------
10:39:49 : SCANNING : MAHSCOOTER
circuit : 2.6%  2021-12-21T10:35:00+0530
adx : 26.15  aroonosc : 71.43
-----------------------------------------------
10:39:49 : SCANNING : MAHSEAMLES
circuit : 1.72%  2021-12-21T10:35:00+0530
adx : 43.56  aroonosc : 42.86
-----------------------------------------------
10:39:49 : SCANNING : MANAPPURAM
circuit : -0.66%  2021-12-21T10:35:00+0530
adx : 34.38  aroonosc : -21.43
-----------------------------------------------
10:39:50 : SCANNING : MARICO
circuit : 0.22%  2021-12-21T10:35:00+0530
adx : 26.62  aroonosc : -14.29
-----------------------------------------------
10:39:50 : SCANNING : MARUTI
circuit : 0.19%  2021-12-21T10:35:00+0530
adx : 33.67  aroonosc : -14.29
-----------------------------------------------
10:39:51 : SCANNING : MASFIN
circuit : 2.05%  2021-12-21T10:35:00+0530
adx : 22.08  aroonosc : 28.57
-----------------------------------------------
10:39:51 : SCANNING : MAXHEALTH
circuit : 2.03%  2021-12-21T10:35:00+0530
adx : 38.99  aroonosc : 57.14
-----------------------------------------------
10:39:51 : SCANNING : MAZDOCK
circuit : 1.01%  2021-12-21T10:35:00+0530
adx : 27.68  aroonosc : 71.43
-----------------------------------------------
10:39:52 : SCANNING : MCDOWELL-N
circuit : 2.34%  2021-12-21T10:35:00+0530
adx : 39.9  aroonosc : 78.57
-----------------------------------------------
10:39:52 : SCANNING : MCX
circuit : 0.99%  2021-12-21T10:35:00+0530
adx : 36.48  aroonosc : 64.29
-----------------------------------------------
10:39:52 : SCANNING : METROPOLIS
circuit : 2.46%  2021-12-21T10:35:00+0530
adx : 31.33  aroonosc : 92.86
-----------------------------------------------
10:39:53 : SCANNING : MFSL
circuit : 3.77%  2021-12-21T10:35:00+0530
adx : 18.72  aroonosc : 92.86
-----------------------------------------------
10:39:53 : SCANNING : MGL
circuit : 0.32%  2021-12-21T10:35:00+0530
adx : 28.67  aroonosc : -14.29
-----------------------------------------------
10:39:53 : SCANNING : MHRIL
circuit : -0.49%  2021-12-21T10:35:00+0530
adx : 19.42  aroonosc : -7.14
-----------------------------------------------
10:39:55 : SCANNING : MIDHANI
circuit : 1.03%  2021-12-21T10:35:00+0530
adx : 17.79  aroonosc : 92.86
-----------------------------------------------
10:39:56 : SCANNING : MINDACORP
circuit : 1.44%  2021-12-21T10:35:00+0530
adx : 32.47  aroonosc : 92.86
-----------------------------------------------
10:39:56 : SCANNING : MINDAIND
circuit : 0.43%  2021-12-21T10:35:00+0530
adx : 36.35  aroonosc : 78.57
-----------------------------------------------
10:39:56 : SCANNING : MINDTREE
circuit : 1.04%  2021-12-21T10:35:00+0530
adx : 41.43  aroonosc : 35.71
-----------------------------------------------
10:39:57 : SCANNING : MMTC
circuit : 1.84%  2021-12-21T10:35:00+0530
adx : 35.57  aroonosc : 35.71
-----------------------------------------------
10:39:57 : SCANNING : MOIL
circuit : 1.75%  2021-12-21T10:35:00+0530
adx : 31.76  aroonosc : 78.57
-----------------------------------------------
10:39:58 : SCANNING : MOTILALOFS
circuit : 0.45%  2021-12-21T10:35:00+0530
adx : 25.27  aroonosc : 57.14
-----------------------------------------------
10:39:58 : SCANNING : MPHASIS
circuit : 0.57%  2021-12-21T10:35:00+0530
adx : 31.14  aroonosc : -100.0
-----------------------------------------------
10:39:58 : SCANNING : MRF
circuit : 0.48%  2021-12-21T10:35:00+0530
adx : 20.9  aroonosc : -21.43
-----------------------------------------------
10:39:59 : SCANNING : MRPL
circuit : -0.71%  2021-12-21T10:35:00+0530
adx : 30.41  aroonosc : -64.29
-----------------------------------------------
10:39:59 : SCANNING : MUTHOOTFIN
circuit : 0.42%  2021-12-21T10:35:00+0530
adx : 17.9  aroonosc : 92.86
-----------------------------------------------
10:39:59 : SCANNING : NAM-INDIA
circuit : 1.8%  2021-12-21T10:35:00+0530
adx : 19.19  aroonosc : 78.57
-----------------------------------------------
10:40:00 : SCANNING : NATCOPHARM
circuit : 2.62%  2021-12-21T10:35:00+0530
adx : 16.83  aroonosc : 35.71
-----------------------------------------------
10:40:00 : SCANNING : NATIONALUM
circuit : 2.58%  2021-12-21T10:35:00+0530
adx : 53.04  aroonosc : 50.0
-----------------------------------------------
10:40:01 : SCANNING : NAUKRI
circuit : 0.37%  2021-12-21T10:35:00+0530
adx : 20.35  aroonosc : -21.43
-----------------------------------------------
10:40:01 : SCANNING : NAVINFLUOR
circuit : 3.65%  2021-12-21T10:35:00+0530
adx : 56.22  aroonosc : 85.71
-----------------------------------------------
10:40:01 : SCANNING : NBCC
circuit : 0.6%  2021-12-21T10:35:00+0530
adx : 32.03  aroonosc : 85.71
-----------------------------------------------
10:40:02 : SCANNING : NCC
circuit : 0.73%  2021-12-21T10:35:00+0530
adx : 39.59  aroonosc : 85.71
-----------------------------------------------
10:40:02 : SCANNING : NESCO
circuit : 1.59%  2021-12-21T10:40:00+0530
adx : 16.4  aroonosc : -92.86
-----------------------------------------------
10:40:03 : SCANNING : NESTLEIND
circuit : 0.75%  2021-12-21T10:40:00+0530
adx : 44.41  aroonosc : 100.0
-----------------------------------------------
10:40:03 : SCANNING : NETWORK18
circuit : 2.76%  2021-12-21T10:40:00+0530
adx : 27.68  aroonosc : 92.86
-----------------------------------------------
10:40:03 : SCANNING : NFL
circuit : 1.52%  2021-12-21T10:35:00+0530
adx : 30.62  aroonosc : 71.43
-----------------------------------------------
10:40:04 : SCANNING : NH
circuit : 0.79%  2021-12-21T10:40:00+0530
adx : 9.48  aroonosc : 42.86
-----------------------------------------------
10:40:04 : SCANNING : NHPC
circuit : 2.02%  2021-12-21T10:40:00+0530
adx : 35.4  aroonosc : 85.71
-----------------------------------------------
10:40:04 : SCANNING : NIACL
circuit : 0.07%  2021-12-21T10:40:00+0530
adx : 24.35  aroonosc : 35.71
-----------------------------------------------
10:40:05 : SCANNING : NILKAMAL
circuit : 0.17%  2021-12-21T10:35:00+0530
adx : 11.89  aroonosc : -35.71
-----------------------------------------------
10:40:05 : SCANNING : NLCINDIA
circuit : 0.6%  2021-12-21T10:40:00+0530
adx : 29.18  aroonosc : 0.0
-----------------------------------------------
10:40:05 : SCANNING : NMDC
circuit : 6.96%  2021-12-21T10:35:00+0530
adx : 19.78  aroonosc : 92.86
-----------------------------------------------
10:40:06 : SCANNING : NOCIL
circuit : 0.07%  2021-12-21T10:40:00+0530
adx : 29.61  aroonosc : -28.57
-----------------------------------------------
10:40:06 : SCANNING : NTPC
circuit : 0.36%  2021-12-21T10:40:00+0530
adx : 37.31  aroonosc : -35.71
rpt : 1190.0
{'candle': 'green', 'type': 'BUY', 'instrument': 'NTPC', 'price': 120.2, 'qty': 4949, 'target': 120.35, 'stoploss': 120.05, 'volume': 82550, 'adx': 50.48648436642578, 'aroonosc': 64.28571428571429, 'atr': 0.35497661662436336, 'open': 120.15, 'high': 120.35, 'low': 120.05, 'close': 120.35, 'product': 'MIS', 'time': '2021-12-20T13:45:00+0530'}
10:40:06 : Validation Failed : Time Gap in Seconds : 75307
-----------------------------------------------
10:40:07 : SCANNING : OBEROIRLTY
circuit : 0.9%  2021-12-21T10:40:00+0530
adx : 25.19  aroonosc : 78.57
-----------------------------------------------
10:40:07 : SCANNING : OFSS
circuit : 1.35%  2021-12-21T10:40:00+0530
adx : 47.62  aroonosc : 71.43
-----------------------------------------------
10:40:08 : SCANNING : OIL
circuit : 1.73%  2021-12-21T10:40:00+0530
adx : 20.89  aroonosc : 78.57
-----------------------------------------------
10:40:08 : SCANNING : ONGC
circuit : -0.19%  2021-12-21T10:40:00+0530
adx : 32.1  aroonosc : 78.57
-----------------------------------------------
10:40:08 : SCANNING : ORIENTELEC
circuit : 2.15%  2021-12-21T10:35:00+0530
adx : 16.46  aroonosc : -7.14
-----------------------------------------------
10:40:09 : SCANNING : PAGEIND
circuit : 1.0%  2021-12-21T10:40:00+0530
adx : 22.24  aroonosc : 71.43
-----------------------------------------------
10:40:09 : SCANNING : PEL
circuit : 1.53%  2021-12-21T10:35:00+0530
adx : 22.94  aroonosc : 78.57
-----------------------------------------------
10:40:09 : SCANNING : PERSISTENT
circuit : -0.71%  2021-12-21T10:35:00+0530
adx : 32.48  aroonosc : -7.14
-----------------------------------------------
10:40:10 : SCANNING : PETRONET
circuit : 0.31%  2021-12-21T10:40:00+0530
adx : 13.63  aroonosc : 92.86
-----------------------------------------------
10:40:10 : SCANNING : PFC
circuit : 0.47%  2021-12-21T10:40:00+0530
adx : 18.72  aroonosc : 78.57
-----------------------------------------------
10:40:10 : SCANNING : PFIZER
circuit : 1.02%  2021-12-21T10:40:00+0530
adx : 18.1  aroonosc : -14.29
-----------------------------------------------
10:40:11 : SCANNING : PGHH
circuit : 0.49%  2021-12-21T10:35:00+0530
adx : 25.44  aroonosc : 21.43
-----------------------------------------------
10:40:11 : SCANNING : PGHL
circuit : -0.62%  2021-12-21T10:40:00+0530
adx : 22.16  aroonosc : -42.86
-----------------------------------------------
10:40:12 : SCANNING : PHILIPCARB
circuit : 1.28%  2021-12-21T10:40:00+0530
adx : 8.43  aroonosc : 21.43
-----------------------------------------------
10:40:12 : SCANNING : PHOENIXLTD
circuit : -3.3%  2021-12-21T10:35:00+0530
adx : 35.99  aroonosc : -78.57
-----------------------------------------------
10:40:12 : SCANNING : PIDILITIND
circuit : 0.45%  2021-12-21T10:40:00+0530
adx : 38.39  aroonosc : 78.57
-----------------------------------------------
10:40:13 : SCANNING : PIIND
circuit : 1.49%  2021-12-21T10:40:00+0530
adx : 34.47  aroonosc : 85.71
-----------------------------------------------
10:40:13 : SCANNING : PNB
circuit : 0.95%  2021-12-21T10:40:00+0530
adx : 22.72  aroonosc : -57.14
-----------------------------------------------
10:40:13 : SCANNING : PNBHOUSING
circuit : 4.08%  2021-12-21T10:40:00+0530
adx : 50.79  aroonosc : 92.86
-----------------------------------------------
10:40:14 : SCANNING : PNCINFRA
-----------------------------------------------
10:40:14 : SCANNING : POLYCAB
circuit : 0.52%  2021-12-21T10:40:00+0530
adx : 44.02  aroonosc : -21.43
-----------------------------------------------
10:40:14 : SCANNING : POLYMED
circuit : -0.78%  2021-12-21T10:40:00+0530
adx : 22.77  aroonosc : -14.29
-----------------------------------------------
10:40:15 : SCANNING : POLYPLEX
circuit : 1.34%  2021-12-21T10:40:00+0530
adx : 23.56  aroonosc : 85.71
-----------------------------------------------
10:40:15 : SCANNING : POWERGRID
circuit : -1.23%  2021-12-21T10:35:00+0530
adx : 14.68  aroonosc : -64.29
-----------------------------------------------
10:40:15 : SCANNING : POWERINDIA
circuit : 0.19%  2021-12-21T10:40:00+0530
adx : 24.09  aroonosc : -57.14
-----------------------------------------------
10:40:16 : SCANNING : PRESTIGE
circuit : 0.81%  2021-12-21T10:40:00+0530
adx : 23.49  aroonosc : 28.57
-----------------------------------------------
10:40:16 : SCANNING : PRINCEPIPE
circuit : 1.96%  2021-12-21T10:40:00+0530
adx : 33.67  aroonosc : 64.29
-----------------------------------------------
10:40:17 : SCANNING : PRSMJOHNSN
circuit : 3.62%  2021-12-21T10:40:00+0530
adx : 35.81  aroonosc : 50.0
-----------------------------------------------
10:40:17 : SCANNING : PSB
circuit : 1.88%  2021-12-21T10:35:00+0530
adx : 23.69  aroonosc : 50.0
-----------------------------------------------
10:40:17 : SCANNING : PVR
circuit : 1.03%  2021-12-21T10:35:00+0530
adx : 25.78  aroonosc : 78.57
-----------------------------------------------
10:40:18 : SCANNING : QUESS
circuit : 0.88%  2021-12-21T10:40:00+0530
adx : 22.63  aroonosc : 50.0
-----------------------------------------------
10:40:18 : SCANNING : RADICO
circuit : 0.47%  2021-12-21T10:40:00+0530
adx : 21.34  aroonosc : 35.71
-----------------------------------------------
10:40:18 : SCANNING : RAIN
circuit : -0.39%  2021-12-21T10:40:00+0530
adx : 15.21  aroonosc : 71.43
-----------------------------------------------
10:40:19 : SCANNING : RAJESHEXPO
circuit : 0.11%  2021-12-21T10:40:00+0530
adx : 10.5  aroonosc : -35.71
-----------------------------------------------
Traceback (most recent call last):
  File "/usr/lib/python3/dist-packages/urllib3/connectionpool.py", line 421, in _make_request
    six.raise_from(e, None)
  File "<string>", line 3, in raise_from
  File "/usr/lib/python3/dist-packages/urllib3/connectionpool.py", line 416, in _make_request
    httplib_response = conn.getresponse()
  File "/usr/lib/python3.8/http/client.py", line 1348, in getresponse
    response.begin()
  File "/usr/lib/python3.8/http/client.py", line 316, in begin
    version, status, reason = self._read_status()
  File "/usr/lib/python3.8/http/client.py", line 277, in _read_status
    line = str(self.fp.readline(_MAXLINE + 1), "iso-8859-1")
  File "/usr/lib/python3.8/socket.py", line 669, in readinto
    return self._sock.recv_into(b)
  File "/usr/lib/python3.8/ssl.py", line 1241, in recv_into
    return self.read(nbytes, buffer)
  File "/usr/lib/python3.8/ssl.py", line 1099, in read
    return self._sslobj.read(len, buffer)
socket.timeout: The read operation timed out

During handling of the above exception, another exception occurred:

Traceback (most recent call last):
  File "/usr/lib/python3/dist-packages/requests/adapters.py", line 439, in send
    resp = conn.urlopen(
  File "/usr/lib/python3/dist-packages/urllib3/connectionpool.py", line 719, in urlopen
    retries = retries.increment(
  File "/usr/lib/python3/dist-packages/urllib3/util/retry.py", line 400, in increment
    raise six.reraise(type(error), error, _stacktrace)
  File "/usr/lib/python3/dist-packages/six.py", line 703, in reraise
    raise value
  File "/usr/lib/python3/dist-packages/urllib3/connectionpool.py", line 665, in urlopen
    httplib_response = self._make_request(
  File "/usr/lib/python3/dist-packages/urllib3/connectionpool.py", line 423, in _make_request
    self._raise_timeout(err=e, url=url, timeout_value=read_timeout)
  File "/usr/lib/python3/dist-packages/urllib3/connectionpool.py", line 330, in _raise_timeout
    raise ReadTimeoutError(
urllib3.exceptions.ReadTimeoutError: HTTPSConnectionPool(host='kite.zerodha.com', port=443): Read timed out. (read timeout=600)

During handling of the above exception, another exception occurred:

Traceback (most recent call last):
  File "scanner.py", line 470, in <module>
    scanning()
  File "scanner.py", line 87, in scanning
    response = requests.get(
  File "/usr/lib/python3/dist-packages/requests/api.py", line 75, in get
    return request('get', url, params=params, **kwargs)
  File "/usr/lib/python3/dist-packages/requests/api.py", line 60, in request
    return session.request(method=method, url=url, **kwargs)
  File "/usr/lib/python3/dist-packages/requests/sessions.py", line 533, in request
    resp = self.send(prep, **send_kwargs)
  File "/usr/lib/python3/dist-packages/requests/sessions.py", line 646, in send
    r = adapter.send(request, **kwargs)
  File "/usr/lib/python3/dist-packages/requests/adapters.py", line 529, in send
    raise ReadTimeout(e, request=request)
requests.exceptions.ReadTimeout: HTTPSConnectionPool(host='kite.zerodha.com', port=443): Read timed out. (read timeout=600)
