===================================================
10:40:02 : START
===================================================
10:40:02 : PROCESSING INSTRUMENTS SYMBOLS
-----------------------------------------------
10:40:03 : SCANNING : 3MINDIA
circuit : 0.07%  2021-12-21T10:35:00+0530
adx : 31.24  aroonosc : 78.57
-----------------------------------------------
10:40:03 : SCANNING : AARTIDRUGS
circuit : 0.31%  2021-12-21T10:35:00+0530
adx : 12.73  aroonosc : 71.43
-----------------------------------------------
10:40:04 : SCANNING : AARTIIND
circuit : 1.25%  2021-12-21T10:35:00+0530
adx : 35.5  aroonosc : 71.43
-----------------------------------------------
10:40:04 : SCANNING : AAVAS
circuit : -0.24%  2021-12-21T10:40:00+0530
adx : 51.1  aroonosc : 85.71
-----------------------------------------------
10:40:04 : SCANNING : ABB
circuit : 1.43%  2021-12-21T10:35:00+0530
adx : 18.29  aroonosc : 85.71
-----------------------------------------------
10:40:05 : SCANNING : ABBOTINDIA
circuit : -0.17%  2021-12-21T10:40:00+0530
adx : 30.31  aroonosc : -14.29
-----------------------------------------------
10:40:05 : SCANNING : ABCAPITAL
circuit : 2.86%  2021-12-21T10:40:00+0530
adx : 33.88  aroonosc : 78.57
-----------------------------------------------
10:40:05 : SCANNING : ABFRL
circuit : 2.14%  2021-12-21T10:35:00+0530
adx : 42.16  aroonosc : 35.71
-----------------------------------------------
10:40:06 : SCANNING : ACC
circuit : 1.26%  2021-12-21T10:35:00+0530
adx : 44.45  aroonosc : 71.43
-----------------------------------------------
10:40:06 : SCANNING : ADANIENT
circuit : 0.81%  2021-12-21T10:35:00+0530
adx : 39.21  aroonosc : 64.29
-----------------------------------------------
10:40:06 : SCANNING : ADANIGREEN
circuit : 0.36%  2021-12-21T10:40:00+0530
adx : 25.2  aroonosc : -7.14
-----------------------------------------------
10:40:07 : SCANNING : ADANIPORTS
circuit : -0.7%  2021-12-21T10:35:00+0530
adx : 23.45  aroonosc : -14.29
-----------------------------------------------
10:40:07 : SCANNING : ADVENZYMES
circuit : 1.38%  2021-12-21T10:35:00+0530
adx : 22.51  aroonosc : 71.43
-----------------------------------------------
10:40:08 : SCANNING : AEGISCHEM
circuit : -2.26%  2021-12-21T10:40:00+0530
adx : 41.43  aroonosc : 78.57
-----------------------------------------------
10:40:08 : SCANNING : AFFLE
circuit : 1.25%  2021-12-21T10:40:00+0530
adx : 16.2  aroonosc : 21.43
-----------------------------------------------
10:40:08 : SCANNING : AIAENG
circuit : -0.61%  2021-12-21T10:35:00+0530
adx : 12.87  aroonosc : -28.57
-----------------------------------------------
10:40:09 : SCANNING : AJANTPHARM
circuit : -0.54%  2021-12-21T10:35:00+0530
adx : 18.31  aroonosc : -14.29
-----------------------------------------------
10:40:09 : SCANNING : AKZOINDIA
circuit : -1.34%  2021-12-21T10:40:00+0530
adx : 32.9  aroonosc : -100.0
-----------------------------------------------
10:40:09 : SCANNING : ALEMBICLTD
circuit : -0.72%  2021-12-21T10:40:00+0530
adx : 14.03  aroonosc : -7.14
-----------------------------------------------
10:40:10 : SCANNING : ALKEM
circuit : 0.66%  2021-12-21T10:40:00+0530
adx : 11.87  aroonosc : 7.14
-----------------------------------------------
10:40:10 : SCANNING : ALKYLAMINE
circuit : -1.72%  2021-12-21T10:40:00+0530
adx : 45.02  aroonosc : -42.86
-----------------------------------------------
10:40:10 : SCANNING : ALOKINDS
circuit : 1.32%  2021-12-21T10:40:00+0530
adx : 41.91  aroonosc : -21.43
-----------------------------------------------
10:40:11 : SCANNING : AMARAJABAT
circuit : 0.49%  2021-12-21T10:35:00+0530
adx : 34.91  aroonosc : -14.29
-----------------------------------------------
10:40:11 : SCANNING : AMBER
circuit : 2.91%  2021-12-21T10:40:00+0530
adx : 41.93  aroonosc : 78.57
-----------------------------------------------
10:40:12 : SCANNING : AMBUJACEM
circuit : 2.22%  2021-12-21T10:40:00+0530
adx : 45.28  aroonosc : 85.71
-----------------------------------------------
10:40:12 : SCANNING : ANGELBRKG
circuit : 2.73%  2021-12-21T10:35:00+0530
adx : 42.54  aroonosc : 78.57
-----------------------------------------------
10:40:12 : SCANNING : APLAPOLLO
circuit : 2.74%  2021-12-21T10:40:00+0530
adx : 16.34  aroonosc : 85.71
-----------------------------------------------
10:40:13 : SCANNING : APLLTD
circuit : -0.99%  2021-12-21T10:40:00+0530
adx : 48.98  aroonosc : -7.14
-----------------------------------------------
10:40:13 : SCANNING : APOLLOHOSP
circuit : -0.4%  2021-12-21T10:40:00+0530
adx : 29.84  aroonosc : -14.29
-----------------------------------------------
10:40:13 : SCANNING : APOLLOTYRE
circuit : 0.34%  2021-12-21T10:35:00+0530
adx : 21.59  aroonosc : -14.29
-----------------------------------------------
10:40:14 : SCANNING : ASAHIINDIA
circuit : -1.02%  2021-12-21T10:40:00+0530
adx : 32.39  aroonosc : -14.29
-----------------------------------------------
10:40:14 : SCANNING : ASHOKA
circuit : 0.28%  2021-12-21T10:40:00+0530
adx : 22.17  aroonosc : -42.86
-----------------------------------------------
10:40:14 : SCANNING : ASHOKLEY
circuit : 2.17%  2021-12-21T10:40:00+0530
adx : 44.1  aroonosc : 85.71
-----------------------------------------------
10:40:15 : SCANNING : ASIANPAINT
circuit : 0.77%  2021-12-21T10:40:00+0530
adx : 38.42  aroonosc : 85.71
-----------------------------------------------
10:40:15 : SCANNING : ASTERDM
circuit : -1.02%  2021-12-21T10:40:00+0530
adx : 38.89  aroonosc : -14.29
-----------------------------------------------
10:40:15 : SCANNING : ASTRAL
circuit : -1.86%  2021-12-21T10:40:00+0530
adx : 17.98  aroonosc : 0.0
-----------------------------------------------
10:40:16 : SCANNING : ASTRAZEN
circuit : -0.46%  2021-12-21T10:35:00+0530
adx : 35.05  aroonosc : 50.0
-----------------------------------------------
10:40:16 : SCANNING : ATUL
circuit : 0.12%  2021-12-21T10:40:00+0530
adx : 19.14  aroonosc : 64.29
-----------------------------------------------
10:40:17 : SCANNING : AUBANK
circuit : 4.08%  2021-12-21T10:40:00+0530
adx : 49.88  aroonosc : 85.71
-----------------------------------------------
10:40:17 : SCANNING : AUROPHARMA
circuit : -0.43%  2021-12-21T10:35:00+0530
adx : 21.67  aroonosc : 71.43
-----------------------------------------------
10:40:17 : SCANNING : AVANTIFEED
circuit : -0.43%  2021-12-21T10:40:00+0530
adx : 43.12  aroonosc : 14.29
-----------------------------------------------
10:40:18 : SCANNING : AXISBANK
circuit : -1.13%  2021-12-21T10:35:00+0530
adx : 21.08  aroonosc : -14.29
-----------------------------------------------
10:40:18 : SCANNING : BAJAJ-AUTO
circuit : 0.87%  2021-12-21T10:35:00+0530
adx : 48.45  aroonosc : 85.71
-----------------------------------------------
10:40:18 : SCANNING : BAJAJCON
circuit : 0.1%  2021-12-21T10:35:00+0530
adx : 23.34  aroonosc : 28.57
-----------------------------------------------
10:40:19 : SCANNING : BAJAJELEC
circuit : -1.75%  2021-12-21T10:40:00+0530
adx : 22.61  aroonosc : -92.86
-----------------------------------------------
Traceback (most recent call last):
  File "/usr/lib/python3/dist-packages/urllib3/connectionpool.py", line 421, in _make_request
    six.raise_from(e, None)
  File "<string>", line 3, in raise_from
  File "/usr/lib/python3/dist-packages/urllib3/connectionpool.py", line 416, in _make_request
    httplib_response = conn.getresponse()
  File "/usr/lib/python3.8/http/client.py", line 1348, in getresponse
    response.begin()
  File "/usr/lib/python3.8/http/client.py", line 316, in begin
    version, status, reason = self._read_status()
  File "/usr/lib/python3.8/http/client.py", line 277, in _read_status
    line = str(self.fp.readline(_MAXLINE + 1), "iso-8859-1")
  File "/usr/lib/python3.8/socket.py", line 669, in readinto
    return self._sock.recv_into(b)
  File "/usr/lib/python3.8/ssl.py", line 1241, in recv_into
    return self.read(nbytes, buffer)
  File "/usr/lib/python3.8/ssl.py", line 1099, in read
    return self._sslobj.read(len, buffer)
socket.timeout: The read operation timed out

During handling of the above exception, another exception occurred:

Traceback (most recent call last):
  File "/usr/lib/python3/dist-packages/requests/adapters.py", line 439, in send
    resp = conn.urlopen(
  File "/usr/lib/python3/dist-packages/urllib3/connectionpool.py", line 719, in urlopen
    retries = retries.increment(
  File "/usr/lib/python3/dist-packages/urllib3/util/retry.py", line 400, in increment
    raise six.reraise(type(error), error, _stacktrace)
  File "/usr/lib/python3/dist-packages/six.py", line 703, in reraise
    raise value
  File "/usr/lib/python3/dist-packages/urllib3/connectionpool.py", line 665, in urlopen
    httplib_response = self._make_request(
  File "/usr/lib/python3/dist-packages/urllib3/connectionpool.py", line 423, in _make_request
    self._raise_timeout(err=e, url=url, timeout_value=read_timeout)
  File "/usr/lib/python3/dist-packages/urllib3/connectionpool.py", line 330, in _raise_timeout
    raise ReadTimeoutError(
urllib3.exceptions.ReadTimeoutError: HTTPSConnectionPool(host='kite.zerodha.com', port=443): Read timed out. (read timeout=600)

During handling of the above exception, another exception occurred:

Traceback (most recent call last):
  File "scanner.py", line 470, in <module>
    scanning()
  File "scanner.py", line 87, in scanning
    response = requests.get(
  File "/usr/lib/python3/dist-packages/requests/api.py", line 75, in get
    return request('get', url, params=params, **kwargs)
  File "/usr/lib/python3/dist-packages/requests/api.py", line 60, in request
    return session.request(method=method, url=url, **kwargs)
  File "/usr/lib/python3/dist-packages/requests/sessions.py", line 533, in request
    resp = self.send(prep, **send_kwargs)
  File "/usr/lib/python3/dist-packages/requests/sessions.py", line 646, in send
    r = adapter.send(request, **kwargs)
  File "/usr/lib/python3/dist-packages/requests/adapters.py", line 529, in send
    raise ReadTimeout(e, request=request)
requests.exceptions.ReadTimeout: HTTPSConnectionPool(host='kite.zerodha.com', port=443): Read timed out. (read timeout=600)
